#
# There is insufficient memory for the Java Runtime Environment to continue.
# Native memory allocation (malloc) failed to allocate 617216 bytes for Chunk::new
# Possible reasons:
#   The system is out of physical RAM or swap space
#   The process is running with CompressedOops enabled, and the Java Heap may be blocking the growth of the native heap
# Possible solutions:
#   Reduce memory load on the system
#   Increase physical memory or swap space
#   Check if swap backing store is full
#   Decrease Java heap size (-Xmx/-Xms)
#   Decrease number of Java threads
#   Decrease Java thread stack sizes (-Xss)
#   Set larger code cache with -XX:ReservedCodeCacheSize=
#   JVM is running with Zero Based Compressed Oops mode in which the Java heap is
#     placed in the first 32GB address space. The Java Heap base address is the
#     maximum limit for the native heap growth. Please use -XX:HeapBaseMinAddress
#     to set the Java Heap base and to place the Java Heap above 32GB virtual address.
# This output file may be truncated or incomplete.
#
#  Out of Memory Error (allocation.cpp:390), pid=11652, tid=0x00000000000088c4
#
# JRE version: Java(TM) SE Runtime Environment (8.0_201-b09) (build 1.8.0_201-b09)
# Java VM: Java HotSpot(TM) 64-Bit Server VM (25.201-b09 mixed mode windows-amd64 compressed oops)
# Failed to write core dump. Minidumps are not enabled by default on client versions of Windows
#

---------------  T H R E A D  ---------------

Current thread (0x000000001b60d000):  JavaThread "C2 CompilerThread0" daemon [_thread_in_native, id=35012, stack(0x000000001bce0000,0x000000001bde0000)]

Stack: [0x000000001bce0000,0x000000001bde0000]
[error occurred during error reporting (printing stack bounds), id 0xc0000005]

Native frames: (J=compiled Java code, j=interpreted, Vv=VM code, C=native code)


Current CompileTask:
C2:  14603 4012       4       org.apache.catalina.startup.ContextConfig::processAnnotationsStream (146 bytes)


---------------  P R O C E S S  ---------------

Java Threads: ( => current thread )
  0x000000001b814000 JavaThread "localhost-startStop-1" daemon [_thread_blocked, id=3464, stack(0x000000001f730000,0x000000001f830000)]
  0x000000001cbb7800 JavaThread "Tomcat-startStop-1" daemon [_thread_blocked, id=33196, stack(0x000000001f630000,0x000000001f730000)]
  0x000000001b6aa800 JavaThread "Service Thread" daemon [_thread_blocked, id=30816, stack(0x000000001bfe0000,0x000000001c0e0000)]
  0x000000001b613000 JavaThread "C1 CompilerThread2" daemon [_thread_blocked, id=4812, stack(0x000000001bee0000,0x000000001bfe0000)]
  0x000000001b610000 JavaThread "C2 CompilerThread1" daemon [_thread_in_native, id=22416, stack(0x000000001bde0000,0x000000001bee0000)]
=>0x000000001b60d000 JavaThread "C2 CompilerThread0" daemon [_thread_in_native, id=35012, stack(0x000000001bce0000,0x000000001bde0000)]
  0x000000001b5f3000 JavaThread "Monitor Ctrl-Break" daemon [_thread_in_native, id=24964, stack(0x000000001bbe0000,0x000000001bce0000)]
  0x000000001a210000 JavaThread "Attach Listener" daemon [_thread_blocked, id=24832, stack(0x000000001bae0000,0x000000001bbe0000)]
  0x000000001b5e8800 JavaThread "Signal Dispatcher" daemon [_thread_blocked, id=13104, stack(0x000000001b9e0000,0x000000001bae0000)]
  0x000000000336d000 JavaThread "Finalizer" daemon [_thread_blocked, id=11196, stack(0x000000001b480000,0x000000001b580000)]
  0x0000000003364000 JavaThread "Reference Handler" daemon [_thread_blocked, id=9720, stack(0x000000001b380000,0x000000001b480000)]
  0x0000000003272800 JavaThread "main" [_thread_blocked, id=6200, stack(0x00000000014a0000,0x00000000015a0000)]

Other Threads:
  0x000000001a1c8000 VMThread [stack: 0x000000001b280000,0x000000001b380000] [id=24160]
  0x000000001b6b4800 WatcherThread [stack: 0x000000001c0e0000,0x000000001c1e0000] [id=34032]

VM state:at safepoint (normal execution)

VM Mutex/Monitor currently owned by a thread:  ([mutex/lock_event])
[0x000000000326ddb0] Threads_lock - owner thread: 0x000000001a1c8000
[0x0000000003271350] Heap_lock - owner thread: 0x000000001b814000

heap address: 0x0000000705000000, size: 2992 MB, Compressed Oops mode: Zero based, Oop shift amount: 3
Narrow klass base: 0x0000000000000000, Narrow klass shift: 3
Compressed class space size: 1073741824 Address: 0x00000007c0000000

Heap:
 PSYoungGen      total 92160K, used 91597K [0x0000000781b00000, 0x0000000788800000, 0x00000007c0000000)
  eden space 78336K, 100% used [0x0000000781b00000,0x0000000786780000,0x0000000786780000)
  from space 13824K, 95% used [0x0000000787600000,0x00000007882f3620,0x0000000788380000)
  to   space 14848K, 77% used [0x0000000786780000,0x00000007872c0b58,0x0000000787600000)
 ParOldGen       total 97792K, used 18825K [0x0000000705000000, 0x000000070af80000, 0x0000000781b00000)
  object space 97792K, 19% used [0x0000000705000000,0x0000000706262420,0x000000070af80000)
 Metaspace       used 23732K, capacity 24184K, committed 24496K, reserved 1071104K
  class space    used 2782K, capacity 2930K, committed 2992K, reserved 1048576K

Card table byte_map: [0x0000000012730000,0x0000000012d10000] byte_map_base: 0x000000000ef08000

Marking Bits: (ParMarkBitMap*) 0x000000005a654ce0
 Begin Bits: [0x0000000013500000, 0x00000000163c0000)
 End Bits:   [0x00000000163c0000, 0x0000000019280000)

Polling page: 0x0000000000ff0000

CodeCache: size=245760Kb used=12148Kb max_used=12159Kb free=233611Kb
 bounds [0x0000000003370000, 0x0000000003fc0000, 0x0000000012370000]
 total_blobs=3816 nmethods=3423 adapters=305
 compilation: enabled

Compilation events (10 events):
Event: 14.348 Thread 0x000000001b613000 nmethod 4007 0x00000000037582d0 code [0x0000000003758420, 0x0000000003758530]
Event: 14.348 Thread 0x000000001b613000 4008       3       org.apache.tomcat.util.bcel.classfile.EnumElementValue::<init> (51 bytes)
Event: 14.349 Thread 0x000000001b613000 nmethod 4008 0x00000000039f27d0 code [0x00000000039f29c0, 0x00000000039f32d8]
Event: 14.396 Thread 0x000000001b60d000 4009       4       sun.misc.URLClassPath::findResource (47 bytes)
Event: 14.403 Thread 0x000000001b60d000 nmethod 4009 0x00000000035fd510 code [0x00000000035fd6a0, 0x00000000035fda10]
Event: 14.403 Thread 0x000000001b60d000 4010       4       java.io.WinNTFileSystem::prefixLength (91 bytes)
Event: 14.406 Thread 0x000000001b60d000 nmethod 4010 0x00000000039f21d0 code [0x00000000039f2320, 0x00000000039f2538]
Event: 14.412 Thread 0x000000001b60d000 4011       4       java.util.BitSet::checkInvariants (111 bytes)
Event: 14.413 Thread 0x000000001b60d000 nmethod 4011 0x000000000372f710 code [0x000000000372f840, 0x000000000372f898]
Event: 14.436 Thread 0x000000001b60d000 4012       4       org.apache.catalina.startup.ContextConfig::processAnnotationsStream (146 bytes)

GC Heap History (10 events):
Event: 10.448 GC heap after
Heap after GC invocations=5 (full 0):
 PSYoungGen      total 55296K, used 7656K [0x0000000781b00000, 0x0000000786480000, 0x00000007c0000000)
  eden space 47616K, 0% used [0x0000000781b00000,0x0000000781b00000,0x0000000784980000)
  from space 7680K, 99% used [0x0000000784a80000,0x00000007851fa020,0x0000000785200000)
  to   space 13824K, 0% used [0x0000000785700000,0x0000000785700000,0x0000000786480000)
 ParOldGen       total 128512K, used 11717K [0x0000000705000000, 0x000000070cd80000, 0x0000000781b00000)
  object space 128512K, 9% used [0x0000000705000000,0x0000000705b71560,0x000000070cd80000)
 Metaspace       used 20789K, capacity 21178K, committed 21296K, reserved 1069056K
  class space    used 2463K, capacity 2589K, committed 2608K, reserved 1048576K
}
Event: 10.448 GC heap before
{Heap before GC invocations=6 (full 1):
 PSYoungGen      total 55296K, used 7656K [0x0000000781b00000, 0x0000000786480000, 0x00000007c0000000)
  eden space 47616K, 0% used [0x0000000781b00000,0x0000000781b00000,0x0000000784980000)
  from space 7680K, 99% used [0x0000000784a80000,0x00000007851fa020,0x0000000785200000)
  to   space 13824K, 0% used [0x0000000785700000,0x0000000785700000,0x0000000786480000)
 ParOldGen       total 128512K, used 11717K [0x0000000705000000, 0x000000070cd80000, 0x0000000781b00000)
  object space 128512K, 9% used [0x0000000705000000,0x0000000705b71560,0x000000070cd80000)
 Metaspace       used 20789K, capacity 21178K, committed 21296K, reserved 1069056K
  class space    used 2463K, capacity 2589K, committed 2608K, reserved 1048576K
Event: 10.554 GC heap after
Heap after GC invocations=6 (full 1):
 PSYoungGen      total 55296K, used 0K [0x0000000781b00000, 0x0000000786480000, 0x00000007c0000000)
  eden space 47616K, 0% used [0x0000000781b00000,0x0000000781b00000,0x0000000784980000)
  from space 7680K, 0% used [0x0000000784a80000,0x0000000784a80000,0x0000000785200000)
  to   space 13824K, 0% used [0x0000000785700000,0x0000000785700000,0x0000000786480000)
 ParOldGen       total 97792K, used 16365K [0x0000000705000000, 0x000000070af80000, 0x0000000781b00000)
  object space 97792K, 16% used [0x0000000705000000,0x0000000705ffb5f0,0x000000070af80000)
 Metaspace       used 20789K, capacity 21178K, committed 21296K, reserved 1069056K
  class space    used 2463K, capacity 2589K, committed 2608K, reserved 1048576K
}
Event: 12.045 GC heap before
{Heap before GC invocations=7 (full 1):
 PSYoungGen      total 55296K, used 47616K [0x0000000781b00000, 0x0000000786480000, 0x00000007c0000000)
  eden space 47616K, 100% used [0x0000000781b00000,0x0000000784980000,0x0000000784980000)
  from space 7680K, 0% used [0x0000000784a80000,0x0000000784a80000,0x0000000785200000)
  to   space 13824K, 0% used [0x0000000785700000,0x0000000785700000,0x0000000786480000)
 ParOldGen       total 97792K, used 16365K [0x0000000705000000, 0x000000070af80000, 0x0000000781b00000)
  object space 97792K, 16% used [0x0000000705000000,0x0000000705ffb5f0,0x000000070af80000)
 Metaspace       used 23660K, capacity 24088K, committed 24240K, reserved 1071104K
  class space    used 2778K, capacity 2898K, committed 2992K, reserved 1048576K
Event: 12.078 GC heap after
Heap after GC invocations=7 (full 1):
 PSYoungGen      total 61952K, used 8992K [0x0000000781b00000, 0x0000000787c00000, 0x00000007c0000000)
  eden space 48128K, 0% used [0x0000000781b00000,0x0000000781b00000,0x0000000784a00000)
  from space 13824K, 65% used [0x0000000785700000,0x0000000785fc8178,0x0000000786480000)
  to   space 13312K, 0% used [0x0000000784a00000,0x0000000784a00000,0x0000000785700000)
 ParOldGen       total 97792K, used 16373K [0x0000000705000000, 0x000000070af80000, 0x0000000781b00000)
  object space 97792K, 16% used [0x0000000705000000,0x0000000705ffd5f0,0x000000070af80000)
 Metaspace       used 23660K, capacity 24088K, committed 24240K, reserved 1071104K
  class space    used 2778K, capacity 2898K, committed 2992K, reserved 1048576K
}
Event: 13.114 GC heap before
{Heap before GC invocations=8 (full 1):
 PSYoungGen      total 61952K, used 57120K [0x0000000781b00000, 0x0000000787c00000, 0x00000007c0000000)
  eden space 48128K, 100% used [0x0000000781b00000,0x0000000784a00000,0x0000000784a00000)
  from space 13824K, 65% used [0x0000000785700000,0x0000000785fc8178,0x0000000786480000)
  to   space 13312K, 0% used [0x0000000784a00000,0x0000000784a00000,0x0000000785700000)
 ParOldGen       total 97792K, used 16373K [0x0000000705000000, 0x000000070af80000, 0x0000000781b00000)
  object space 97792K, 16% used [0x0000000705000000,0x0000000705ffd5f0,0x000000070af80000)
 Metaspace       used 23717K, capacity 24184K, committed 24496K, reserved 1071104K
  class space    used 2781K, capacity 2930K, committed 2992K, reserved 1048576K
Event: 13.158 GC heap after
Heap after GC invocations=8 (full 1):
 PSYoungGen      total 61440K, used 12104K [0x0000000781b00000, 0x0000000788380000, 0x00000007c0000000)
  eden space 48128K, 0% used [0x0000000781b00000,0x0000000781b00000,0x0000000784a00000)
  from space 13312K, 90% used [0x0000000784a00000,0x00000007855d2150,0x0000000785700000)
  to   space 13824K, 0% used [0x0000000787600000,0x0000000787600000,0x0000000788380000)
 ParOldGen       total 97792K, used 16445K [0x0000000705000000, 0x000000070af80000, 0x0000000781b00000)
  object space 97792K, 16% used [0x0000000705000000,0x000000070600f600,0x000000070af80000)
 Metaspace       used 23717K, capacity 24184K, committed 24496K, reserved 1071104K
  class space    used 2781K, capacity 2930K, committed 2992K, reserved 1048576K
}
Event: 13.868 GC heap before
{Heap before GC invocations=9 (full 1):
 PSYoungGen      total 61440K, used 60232K [0x0000000781b00000, 0x0000000788380000, 0x00000007c0000000)
  eden space 48128K, 100% used [0x0000000781b00000,0x0000000784a00000,0x0000000784a00000)
  from space 13312K, 90% used [0x0000000784a00000,0x00000007855d2150,0x0000000785700000)
  to   space 13824K, 0% used [0x0000000787600000,0x0000000787600000,0x0000000788380000)
 ParOldGen       total 97792K, used 16445K [0x0000000705000000, 0x000000070af80000, 0x0000000781b00000)
  object space 97792K, 16% used [0x0000000705000000,0x000000070600f600,0x000000070af80000)
 Metaspace       used 23727K, capacity 24184K, committed 24496K, reserved 1071104K
  class space    used 2782K, capacity 2930K, committed 2992K, reserved 1048576K
Event: 13.897 GC heap after
Heap after GC invocations=9 (full 1):
 PSYoungGen      total 92160K, used 13261K [0x0000000781b00000, 0x0000000788800000, 0x00000007c0000000)
  eden space 78336K, 0% used [0x0000000781b00000,0x0000000781b00000,0x0000000786780000)
  from space 13824K, 95% used [0x0000000787600000,0x00000007882f3620,0x0000000788380000)
  to   space 14848K, 0% used [0x0000000786780000,0x0000000786780000,0x0000000787600000)
 ParOldGen       total 97792K, used 16453K [0x0000000705000000, 0x000000070af80000, 0x0000000781b00000)
  object space 97792K, 16% used [0x0000000705000000,0x0000000706011600,0x000000070af80000)
 Metaspace       used 23727K, capacity 24184K, committed 24496K, reserved 1071104K
  class space    used 2782K, capacity 2930K, committed 2992K, reserved 1048576K
}
Event: 14.574 GC heap before
{Heap before GC invocations=10 (full 1):
 PSYoungGen      total 92160K, used 91597K [0x0000000781b00000, 0x0000000788800000, 0x00000007c0000000)
  eden space 78336K, 100% used [0x0000000781b00000,0x0000000786780000,0x0000000786780000)
  from space 13824K, 95% used [0x0000000787600000,0x00000007882f3620,0x0000000788380000)
  to   space 14848K, 0% used [0x0000000786780000,0x0000000786780000,0x0000000787600000)
 ParOldGen       total 97792K, used 16453K [0x0000000705000000, 0x000000070af80000, 0x0000000781b00000)
  object space 97792K, 16% used [0x0000000705000000,0x0000000706011600,0x000000070af80000)
 Metaspace       used 23732K, capacity 24184K, committed 24496K, reserved 1071104K
  class space    used 2782K, capacity 2930K, committed 2992K, reserved 1048576K

Deoptimization events (10 events):
Event: 11.317 Thread 0x000000001b814000 Uncommon trap: reason=unstable_if action=reinterpret pc=0x000000000350a1d4 method=com.sun.org.apache.xerces.internal.impl.XMLEntityScanner.scanChar(Lcom/sun/org/apache/xerces/internal/impl/XMLScanner$NameType;)I @ 14
Event: 11.322 Thread 0x000000001b814000 Uncommon trap: reason=unstable_if action=reinterpret pc=0x000000000392bad8 method=com.sun.org.apache.xerces.internal.utils.XMLLimitAnalyzer.addValue(ILjava/lang/String;I)V @ 7
Event: 11.322 Thread 0x000000001b814000 Uncommon trap: reason=unstable_if action=reinterpret pc=0x00000000037554a8 method=com.sun.org.apache.xerces.internal.utils.XMLSecurityManager.isOverLimit(ILcom/sun/org/apache/xerces/internal/utils/XMLLimitAnalyzer;)Z @ 28
Event: 11.322 Thread 0x000000001b814000 Uncommon trap: reason=unstable_if action=reinterpret pc=0x0000000003656134 method=com.sun.org.apache.xerces.internal.impl.XMLEntityScanner.skipString(Ljava/lang/String;)Z @ 59
Event: 11.324 Thread 0x000000001b814000 Uncommon trap: reason=unstable_if action=reinterpret pc=0x00000000036de860 method=com.sun.org.apache.xerces.internal.util.SymbolTable.addSymbol([CII)Ljava/lang/String; @ 64
Event: 11.325 Thread 0x000000001b814000 Uncommon trap: reason=unstable_if action=reinterpret pc=0x00000000036049b4 method=com.sun.org.apache.xerces.internal.util.SymbolTable.addSymbol([CII)Ljava/lang/String; @ 64
Event: 11.370 Thread 0x000000001b814000 Uncommon trap: reason=speculate_class_check action=maybe_recompile pc=0x0000000003bd8d20 method=java.nio.charset.CharsetDecoder.reset()Ljava/nio/charset/CharsetDecoder; @ 1
Event: 11.425 Thread 0x000000001b814000 Uncommon trap: reason=unstable_if action=reinterpret pc=0x0000000003ca6dc8 method=java.util.concurrent.ConcurrentHashMap.replaceNode(Ljava/lang/Object;Ljava/lang/Object;Ljava/lang/Object;)Ljava/lang/Object; @ 47
Event: 12.694 Thread 0x000000001b814000 Uncommon trap: reason=unstable_if action=reinterpret pc=0x0000000003f01a4c method=org.codehaus.plexus.classworlds.realm.Entry.matches(Ljava/lang/String;)Z @ 209
Event: 13.751 Thread 0x000000001b814000 Uncommon trap: reason=unloaded action=reinterpret pc=0x0000000003f92fc0 method=org.apache.tomcat.util.bcel.classfile.Attribute.readAttribute(Ljava/io/DataInputStream;Lorg/apache/tomcat/util/bcel/classfile/ConstantPool;)Lorg/apache/tomcat/util/bcel/classfi

Classes redefined (0 events):
No events

Internal exceptions (10 events):
Event: 4.020 Thread 0x0000000003272800 Implicit null exception at 0x0000000003617b95 to 0x0000000003617d99
Event: 4.020 Thread 0x0000000003272800 Implicit null exception at 0x000000000363d3af to 0x000000000363d419
Event: 4.025 Thread 0x0000000003272800 Implicit null exception at 0x0000000003938251 to 0x0000000003938b05
Event: 4.025 Thread 0x0000000003272800 Implicit null exception at 0x00000000037d05fb to 0x00000000037d0be1
Event: 5.684 Thread 0x0000000003272800 Implicit null exception at 0x0000000003b9b33a to 0x0000000003b9c4cd
Event: 7.272 Thread 0x0000000003272800 Implicit null exception at 0x0000000003beda25 to 0x0000000003beecba
Event: 9.194 Thread 0x0000000003272800 Exception <a 'java/io/FileNotFoundException'> (0x0000000782cc20e8) thrown at [C:\re\workspace\8-2-build-windows-amd64-cygwin\jdk8u201\12322\hotspot\src\share\vm\prims\jni.cpp, line 709]
Event: 11.172 Thread 0x000000001b814000 Implicit null exception at 0x000000000366ce14 to 0x000000000366d1d1
Event: 11.172 Thread 0x000000001b814000 Implicit null exception at 0x00000000035a1017 to 0x00000000035a1431
Event: 11.425 Thread 0x000000001b814000 Implicit null exception at 0x0000000003ca683e to 0x0000000003ca6d95

Events (10 events):
Event: 13.960 Thread 0x000000001b610000 flushing nmethod 0x00000000039e22d0
Event: 13.960 Thread 0x000000001b610000 flushing nmethod 0x00000000039f20d0
Event: 13.965 Thread 0x000000001b613000 flushing nmethod 0x0000000003a2e150
Event: 13.965 Thread 0x000000001b613000 flushing nmethod 0x0000000003a68550
Event: 13.967 Thread 0x000000001b610000 flushing nmethod 0x0000000003ae8350
Event: 13.975 Thread 0x000000001b60d000 flushing nmethod 0x0000000003ba8f50
Event: 13.975 Thread 0x000000001b60d000 flushing nmethod 0x0000000003be9210
Event: 13.990 Thread 0x000000001b60d000 flushing nmethod 0x0000000003eb8b10
Event: 13.991 Thread 0x000000001b60d000 flushing nmethod 0x0000000003f0c210
Event: 14.574 Executing VM operation: ParallelGCFailedAllocation


Dynamic libraries:
0x00007ff6c8830000 - 0x00007ff6c8867000 	C:\Program Files\Java\jdk1.8.0_201\bin\java.exe
0x00007ffbcc760000 - 0x00007ffbcc941000 	C:\WINDOWS\SYSTEM32\ntdll.dll
0x00007ffbcbb80000 - 0x00007ffbcbc31000 	C:\WINDOWS\System32\KERNEL32.DLL
0x00007ffbc96e0000 - 0x00007ffbc9953000 	C:\WINDOWS\System32\KERNELBASE.dll
0x00007ffbcbfe0000 - 0x00007ffbcc081000 	C:\WINDOWS\System32\ADVAPI32.dll
0x00007ffbcc250000 - 0x00007ffbcc2ee000 	C:\WINDOWS\System32\msvcrt.dll
0x00007ffbcbac0000 - 0x00007ffbcbb1b000 	C:\WINDOWS\System32\sechost.dll
0x00007ffbcc120000 - 0x00007ffbcc244000 	C:\WINDOWS\System32\RPCRT4.dll
0x00007ffbcbe10000 - 0x00007ffbcbfa0000 	C:\WINDOWS\System32\USER32.dll
0x00007ffbc9960000 - 0x00007ffbc9980000 	C:\WINDOWS\System32\win32u.dll
0x00007ffbcbde0000 - 0x00007ffbcbe08000 	C:\WINDOWS\System32\GDI32.dll
0x00007ffbc9540000 - 0x00007ffbc96d1000 	C:\WINDOWS\System32\gdi32full.dll
0x00007ffbc9a00000 - 0x00007ffbc9a9f000 	C:\WINDOWS\System32\msvcp_win.dll
0x00007ffbc9af0000 - 0x00007ffbc9be8000 	C:\WINDOWS\System32\ucrtbase.dll
0x00007ffbb9fd0000 - 0x00007ffbba239000 	C:\WINDOWS\WinSxS\amd64_microsoft.windows.common-controls_6595b64144ccf1df_6.0.17134.829_none_fb46a5473061b9d5\COMCTL32.dll
0x00007ffbcc360000 - 0x00007ffbcc682000 	C:\WINDOWS\System32\combase.dll
0x00007ffbc9980000 - 0x00007ffbc99fa000 	C:\WINDOWS\System32\bcryptPrimitives.dll
0x00007ffbcbfa0000 - 0x00007ffbcbfcd000 	C:\WINDOWS\System32\IMM32.DLL
0x000000005b120000 - 0x000000005b1f1000 	C:\Program Files\Java\jdk1.8.0_201\jre\bin\msvcr100.dll
0x0000000059e30000 - 0x000000005a6d4000 	C:\Program Files\Java\jdk1.8.0_201\jre\bin\server\jvm.dll
0x00007ffbcbfd0000 - 0x00007ffbcbfd8000 	C:\WINDOWS\System32\PSAPI.DLL
0x00007ffbc6cd0000 - 0x00007ffbc6cf3000 	C:\WINDOWS\SYSTEM32\WINMM.dll
0x00007ffbb8c80000 - 0x00007ffbb8c89000 	C:\WINDOWS\SYSTEM32\WSOCK32.dll
0x00007ffbc4f00000 - 0x00007ffbc4f0a000 	C:\WINDOWS\SYSTEM32\VERSION.dll
0x00007ffbcc090000 - 0x00007ffbcc0fc000 	C:\WINDOWS\System32\WS2_32.dll
0x00007ffbc6830000 - 0x00007ffbc685a000 	C:\WINDOWS\SYSTEM32\winmmbase.dll
0x00007ffbc9aa0000 - 0x00007ffbc9ae9000 	C:\WINDOWS\System32\cfgmgr32.dll
0x00007ffbbcba0000 - 0x00007ffbbcbaf000 	C:\Program Files\Java\jdk1.8.0_201\jre\bin\verify.dll
0x00007ffbb1280000 - 0x00007ffbb12a9000 	C:\Program Files\Java\jdk1.8.0_201\jre\bin\java.dll
0x00007ffbb1250000 - 0x00007ffbb1273000 	C:\Program Files\Java\jdk1.8.0_201\jre\bin\instrument.dll
0x00007ffbb5a40000 - 0x00007ffbb5a56000 	C:\Program Files\Java\jdk1.8.0_201\jre\bin\zip.dll
0x00007ffbca600000 - 0x00007ffbcba40000 	C:\WINDOWS\System32\SHELL32.dll
0x00007ffbcbc40000 - 0x00007ffbcbce9000 	C:\WINDOWS\System32\shcore.dll
0x00007ffbc8b30000 - 0x00007ffbc923d000 	C:\WINDOWS\System32\windows.storage.dll
0x00007ffbc9e40000 - 0x00007ffbc9e91000 	C:\WINDOWS\System32\shlwapi.dll
0x00007ffbc8af0000 - 0x00007ffbc8b01000 	C:\WINDOWS\System32\kernel.appcore.dll
0x00007ffbc8a80000 - 0x00007ffbc8a9f000 	C:\WINDOWS\System32\profapi.dll
0x00007ffbc8aa0000 - 0x00007ffbc8aec000 	C:\WINDOWS\System32\powrprof.dll
0x00007ffbc8a70000 - 0x00007ffbc8a7a000 	C:\WINDOWS\System32\FLTLIB.DLL
0x00007ffbb0910000 - 0x00007ffbb092a000 	D:\IntelliJ IDEA 2017.2.3\bin\breakgen64.dll
0x00007ffbb0660000 - 0x00007ffbb067a000 	C:\Program Files\Java\jdk1.8.0_201\jre\bin\net.dll
0x00007ffbbe790000 - 0x00007ffbbe959000 	C:\WINDOWS\SYSTEM32\urlmon.dll
0x00007ffbbee60000 - 0x00007ffbbf106000 	C:\WINDOWS\SYSTEM32\iertutil.dll
0x00007ffbc8460000 - 0x00007ffbc846b000 	C:\WINDOWS\SYSTEM32\CRYPTBASE.DLL
0x00007ffbc8290000 - 0x00007ffbc82f6000 	C:\WINDOWS\system32\mswsock.dll
0x00007ffbb04a0000 - 0x00007ffbb04b1000 	C:\Program Files\Java\jdk1.8.0_201\jre\bin\nio.dll
0x00007ffbc8440000 - 0x00007ffbc8457000 	C:\WINDOWS\SYSTEM32\CRYPTSP.dll
0x00007ffbc7e80000 - 0x00007ffbc7eb3000 	C:\WINDOWS\system32\rsaenh.dll
0x00007ffbc8570000 - 0x00007ffbc8595000 	C:\WINDOWS\SYSTEM32\bcrypt.dll
0x00007ffbc8970000 - 0x00007ffbc8998000 	C:\WINDOWS\SYSTEM32\USERENV.dll
0x00007ffbc8020000 - 0x00007ffbc8058000 	C:\WINDOWS\SYSTEM32\IPHLPAPI.DLL
0x00007ffbcc350000 - 0x00007ffbcc358000 	C:\WINDOWS\System32\NSI.dll
0x00007ffbc0f10000 - 0x00007ffbc0f26000 	C:\WINDOWS\SYSTEM32\dhcpcsvc6.DLL
0x00007ffbc1240000 - 0x00007ffbc125a000 	C:\WINDOWS\SYSTEM32\dhcpcsvc.DLL
0x00007ffbbc920000 - 0x00007ffbbc92d000 	C:\Program Files\Java\jdk1.8.0_201\jre\bin\management.dll

VM Arguments:
jvm_args: -Dmaven.multiModuleProjectDirectory=G:\springmvc -Dmaven.home=D:\IntelliJ IDEA 2017.2.3\plugins\maven\lib\maven3 -Dclassworlds.conf=D:\IntelliJ IDEA 2017.2.3\plugins\maven\lib\maven3\bin\m2.conf -javaagent:D:\IntelliJ IDEA 2017.2.3\lib\idea_rt.jar=54686:D:\IntelliJ IDEA 2017.2.3\bin -Dfile.encoding=UTF-8 
java_command: org.codehaus.classworlds.Launcher -Didea.version=2017.2.3 tomcat7:run
java_class_path (initial): D:\IntelliJ IDEA 2017.2.3\plugins\maven\lib\maven3\boot\plexus-classworlds-2.5.2.jar;D:\IntelliJ IDEA 2017.2.3\lib\idea_rt.jar
Launcher Type: SUN_STANDARD

Environment Variables:
JAVA_HOME=C:\Program Files\Java\jdk1.8.0_201
CLASSPATH=.;C:\Program Files\Java\jdk1.8.0_201\lib\dt.jar;C:\Program Files\Java\jdk1.8.0_201\lib\tools.jar;
PATH=E:\app\Administrator\product\11.2.0\dbhome_1\bin;C:\ProgramData\Oracle\Java\javapath;C:\WINDOWS\system32;C:\WINDOWS;C:\WINDOWS\System32\Wbem;C:\WINDOWS\System32\WindowsPowerShell\v1.0\;C:\Program Files\Lenovo\Bluetooth Software\;C:\Program Files\Lenovo\Bluetooth Software\syswow64;C:\Program Files\Java\jdk1.8.0_101\bin\bin;C:\Program Files\Java\jdk1.8.0_101\bin\jre\bin;E:\Program Files\TortoiseSVN\bin;C:\WINDOWS\System32\OpenSSH\;C:\Program Files\Java\jdk1.8.0_101\bin\bin;C:\Program Files\Java\jdk1.8.0_101\bin\jre\bin;C:\Program Files\Git\cmd;G:\mysql-5.7.19-winx64\bin;"C:\Users\Administrator\AppData\Local\Microsoft\WindowsApps;G:\mysql-5.7.19-winx64\bin";;E:\IntelliJ IDEA 2019.1.3\bin;
USERNAME=Administrator
OS=Windows_NT
PROCESSOR_IDENTIFIER=Intel64 Family 6 Model 58 Stepping 9, GenuineIntel



---------------  S Y S T E M  ---------------

OS: Windows 10.0 , 64 bit Build 17134 (10.0.17134.753)

CPU:total 4 (initial active 4) (2 cores per cpu, 2 threads per core) family 6 model 58 stepping 9, cmov, cx8, fxsr, mmx, sse, sse2, sse3, ssse3, sse4.1, sse4.2, popcnt, avx, aes, clmul, erms, ht, tsc, tscinvbit, tscinv

Memory: 4k page, physical 12254596k(3700144k free), swap 14351748k(4708k free)

vm_info: Java HotSpot(TM) 64-Bit Server VM (25.201-b09) for windows-amd64 JRE (1.8.0_201-b09), built on Dec 15 2018 18:36:39 by "java_re" with MS VC++ 10.0 (VS2010)

time: Fri Jul 05 17:16:39 2019
timezone: 中国标准时间
elapsed time: 14 seconds (0d 0h 0m 14s)

